d:\users\feng\desktop\研一\计算机视觉\全景拼接\automaticpanoramicimagestitchingusinginvariament\vc1\vc1\vc1\debug\vc1.pch
d:\users\feng\desktop\研一\计算机视觉\全景拼接\automaticpanoramicimagestitchingusinginvariament\vc1\vc1\vc1\debug\vc120.pdb
d:\users\feng\desktop\研一\计算机视觉\全景拼接\automaticpanoramicimagestitchingusinginvariament\vc1\vc1\vc1\debug\vc120.idb
d:\users\feng\desktop\研一\计算机视觉\全景拼接\automaticpanoramicimagestitchingusinginvariament\vc1\vc1\vc1\debug\stdafx.obj
d:\users\feng\desktop\研一\计算机视觉\全景拼接\automaticpanoramicimagestitchingusinginvariament\vc1\vc1\vc1\debug\imgfeatures.obj
d:\users\feng\desktop\研一\计算机视觉\全景拼接\automaticpanoramicimagestitchingusinginvariament\vc1\vc1\vc1\debug\kdtree.obj
d:\users\feng\desktop\研一\计算机视觉\全景拼接\automaticpanoramicimagestitchingusinginvariament\vc1\vc1\vc1\debug\match.obj
d:\users\feng\desktop\研一\计算机视觉\全景拼接\automaticpanoramicimagestitchingusinginvariament\vc1\vc1\vc1\debug\minpq.obj
d:\users\feng\desktop\研一\计算机视觉\全景拼接\automaticpanoramicimagestitchingusinginvariament\vc1\vc1\vc1\debug\sift.obj
d:\users\feng\desktop\研一\计算机视觉\全景拼接\automaticpanoramicimagestitchingusinginvariament\vc1\vc1\vc1\debug\utils.obj
d:\users\feng\desktop\研一\计算机视觉\全景拼接\automaticpanoramicimagestitchingusinginvariament\vc1\vc1\vc1\debug\xform.obj
d:\users\feng\desktop\研一\计算机视觉\全景拼接\automaticpanoramicimagestitchingusinginvariament\vc1\vc1\vc1\debug\vc1.obj
d:\users\feng\desktop\研一\计算机视觉\全景拼接\automaticpanoramicimagestitchingusinginvariament\vc1\vc1\debug\vc1.ilk
d:\users\feng\desktop\研一\计算机视觉\全景拼接\automaticpanoramicimagestitchingusinginvariament\vc1\vc1\debug\vc1.exe
d:\users\feng\desktop\研一\计算机视觉\全景拼接\automaticpanoramicimagestitchingusinginvariament\vc1\vc1\debug\vc1.pdb
d:\users\feng\desktop\研一\计算机视觉\全景拼接\automaticpanoramicimagestitchingusinginvariament\vc1\vc1\vc1\debug\vc1.tlog\cl.command.1.tlog
d:\users\feng\desktop\研一\计算机视觉\全景拼接\automaticpanoramicimagestitchingusinginvariament\vc1\vc1\vc1\debug\vc1.tlog\cl.read.1.tlog
d:\users\feng\desktop\研一\计算机视觉\全景拼接\automaticpanoramicimagestitchingusinginvariament\vc1\vc1\vc1\debug\vc1.tlog\cl.write.1.tlog
d:\users\feng\desktop\研一\计算机视觉\全景拼接\automaticpanoramicimagestitchingusinginvariament\vc1\vc1\vc1\debug\vc1.tlog\link.command.1.tlog
d:\users\feng\desktop\研一\计算机视觉\全景拼接\automaticpanoramicimagestitchingusinginvariament\vc1\vc1\vc1\debug\vc1.tlog\link.read.1.tlog
d:\users\feng\desktop\研一\计算机视觉\全景拼接\automaticpanoramicimagestitchingusinginvariament\vc1\vc1\vc1\debug\vc1.tlog\link.write.1.tlog
